  IONOSPHERIC COMMUNICATIONS ANALYSIS AND PREDICTION PROGRAM
                     VOACAP   VERSION 10.0404W


          1         2         3         4         5         6         7
 123456789012345678901234567890123456789012345678901234567890123456789012345

 COMMENT   File generated by voacap-gui (www.qsl.net/hz1jw)
 COMMENT   File created: 11:35:22 PM Wed 13 Mar 13
 LINEMAX      55
 COEFFS    CCIR
 TIME          1   24    1    1
 LABEL
 CIRCUIT   37.00N    80.00W     0.00N     0.00E  S     0
 SYSTEM    0.100  145 3.00   9047.00 3.00 0.10
 FPROB      1.00 1.00 1.00 0.00
 ANTENNA       1    1   02   30     0.000[default/isotrope     ]  0.0  0.100000
 ANTENNA       2    2   02   30     0.000[                     ]  0.0  0.000000
 FREQUENCY $
 METHOD       30
 MONTH      2013  3.0
 SUNSPOT    72.0
 EXECUTE
 QUIT
 COMMENT   GROUP  1: Mar 201372.0ssn                                                  
     CCIR Coefficients        ~METHOD 30   VOACAP L 10.0404W  PAGE   1

  Mar    2013          SSN =  72.                Minimum Angle= 3.000 degrees
                                            AZIMUTHS          N. MI.      KM
  37.00 N   80.00 W -  0.00 N    0.00 E     96.06  307.42    4924.6   9119.7
  XMTR  2-30 +  0.0 dBi[default/isotrope     ] Az=  0.0 OFFaz= 96.1   0.100kW
  RCVR  2-30 +  0.0 dBi[                     ] Az=  0.0 OFFaz=307.4
  3 MHz NOISE = -145.0 dBW     REQ. REL = 90%    REQ. SNR = 47.0 dB
  MULTIPATH POWER TOLERANCE =  3.0 dB   MULTIPATH DELAY TOLERANCE =  0.100 ms

   1.0 16.9  2.0  3.4  4.0  5.9  7.9  9.9 11.9 13.8 15.8 17.8 19.7 FREQ
       F2F2 F2F2 F2F2 F2F2 F2F2 F2F2 F2F2 F2F2 F2F2 F2F2 F2F2 F2F2 MODE  
        3.0 24.0  5.0  4.1  3.5  3.5  3.7  4.1 16.0  3.0  3.0  8.8 TANGLE
        3.0 28.0  5.0  4.1  3.5  3.5  3.7  4.1  8.0  8.0  3.0 24.9 RANGLE
       31.8 32.2 31.8 31.6 31.5 31.5 31.6 31.6 32.1 31.8 31.8 33.0 DELAY 
        305  284  328  303  285  285  290  301  319  293  324  466 V HITE
       0.50 1.00 1.00 1.00 1.00 1.00 0.99 0.94 0.83 0.63 0.34 0.10 MUFday
        160  198  174  166  156  153  151  151  151  156  166  175 LOSS  
         -9  -65  -31  -22  -10   -3    0    0   -1   -5  -14  -22 DBU   
       -140 -178 -148 -141 -132 -129 -127 -129 -131 -136 -146 -155 S DBW 
       -165 -125 -133 -135 -142 -148 -153 -158 -161 -164 -166 -167 N DBW 
         24  -53  -16   -6   10   19   26   29   30   27   20   13 SNR   
         49  113   75   65   49   41   38   40   44   46   54   61 RPWRG 
       0.03 0.00 0.00 0.00 0.00 0.00 0.00 0.00 0.02 0.03 0.03 0.04 REL   
       0.00 0.00 0.00 0.00 0.00 0.00 0.00 0.00 0.00 0.00 0.00 0.00 MPROB 
       0.08 0.00 0.00 0.00 0.00 0.01 0.06 0.07 0.10 0.09 0.06 0.04 S PRB 
       25.0  9.0  9.1  9.1  9.6 11.4 15.5 20.8 25.0 25.0 25.0 25.0 SIG LW
       13.9  5.0  5.0  5.0  5.0  5.1  5.7  7.5  9.4 12.2 18.3 25.0 SIG UP
       26.7 12.7 12.0 11.7 11.6 13.2 17.2 22.4 26.5 26.7 26.7 26.8 SNR LW
       14.9  9.9  9.1  8.9  8.1  7.5  7.3  8.7 10.4 13.3 19.1 25.6 SNR UP
        0.0  0.0  0.0  0.0  0.0  0.0  0.0  0.0  0.0  0.0  0.0  0.0 TGAIN 
        0.0  0.0  0.0  0.0  0.0  0.0  0.0  0.0  0.0  0.0  0.0  0.0 RGAIN 
         -2  -66  -28  -18   -2    6    9    7    3    1   -7  -14 SNRxx 

   2.0 15.3  2.0  2.2  3.8  5.5  7.3  9.1 10.8 12.6 14.4 16.1 17.9 FREQ
       F2F2 F2F2 F2F2 F2F2 F2F2 F2F2 F2F2 F2F2 F2F2 F2F2 F2F2 F2F2 MODE  
        3.0  7.8  6.1  3.9  3.7  3.8  4.1  4.5  3.0  3.0  3.0  9.2 TANGLE
        8.0  7.8  6.1  3.9  3.7  3.8  4.1  4.5  8.0  8.0  3.0 26.5 RANGLE
       31.8 32.4 32.0 31.6 31.6 31.6 31.6 31.7 31.7 31.8 31.8 32.9 DELAY 
        305  412  361  295  291  294  301  313  276  292  322  456 V HITE
       0.50 1.00 1.00 1.00 1.00 1.00 0.99 0.94 0.83 0.63 0.34 0.10 MUFday
        160  203  191  165  157  153  152  151  152  156  166  173 LOSS  
         -9  -57  -49  -23  -11   -5   -1   -1   -3   -6  -15  -21 DBU   
       -140 -170 -163 -141 -133 -129 -127 -129 -132 -136 -146 -153 S DBW 
       -164 -126 -127 -135 -141 -147 -152 -156 -160 -163 -165 -166 N DBW 
         24  -45  -36   -7    8   18   24   28   28   26   19   13 SNR   
         50  105   96   66   51   43   41   42   45   47   55   61 RPWRG 
       0.03 0.00 0.00 0.00 0.00 0.00 0.00 0.00 0.01 0.02 0.03 0.04 REL   
       0.00 0.00 0.00 0.00 0.00 0.00 0.00 0.00 0.00 0.00 0.00 0.00 MPROB 
       0.07 0.00 0.00 0.00 0.00 0.01 0.05 0.07 0.09 0.08 0.05 0.04 S PRB 
       25.0  9.7  9.7  9.8 10.4 12.3 16.3 21.4 25.0 25.0 25.0 25.0 SIG LW
       14.8  5.0  5.0  5.0  5.0  5.1  5.7  7.6  8.3 12.2 18.1 25.0 SIG UP
       26.7 13.3 13.2 12.5 12.4 13.9 17.9 22.9 26.5 26.7 26.7 26.8 SNR LW
       15.7 10.1  9.9  9.1  8.3  7.7  7.5  8.7  9.4 13.1 18.9 25.6 SNR UP
        0.0  0.0  0.0  0.0  0.0  0.0  0.0  0.0  0.0  0.0  0.0  0.0 TGAIN 
        0.0  0.0  0.0  0.0  0.0  0.0  0.0  0.0  0.0  0.0  0.0  0.0 RGAIN 
         -3  -58  -49  -19   -4    4    6    5    2    0   -8  -14 SNRxx 
     CCIR Coefficients         METHOD 30   VOACAP L 10.0404W  PAGE   2

  Mar    2013          SSN =  72.                Minimum Angle= 3.000 degrees
                                            AZIMUTHS          N. MI.      KM
  37.00 N   80.00 W -  0.00 N    0.00 E     96.06  307.42    4924.6   9119.7
  XMTR  2-30 +  0.0 dBi[default/isotrope     ] Az=  0.0 OFFaz= 96.1   0.100kW
  RCVR  2-30 +  0.0 dBi[                     ] Az=  0.0 OFFaz=307.4
  3 MHz NOISE = -145.0 dBW     REQ. REL = 90%    REQ. SNR = 47.0 dB
  MULTIPATH POWER TOLERANCE =  3.0 dB   MULTIPATH DELAY TOLERANCE =  0.100 ms

   3.0 15.3  2.0  2.4  3.9  5.7  7.6  9.4 11.3 13.1 15.0 16.9 18.7 FREQ
       F2F2 F2F2 F2F2 F2F2 F2F2 F2F2 F2F2 F2F2 F2F2 F2F2 F2F2 F2F2 MODE  
        3.0  9.2  6.0  4.0  3.8  3.9  4.2  4.7  3.0  3.0  3.0  9.2 TANGLE
        8.0  9.2  6.0  4.0  3.8  3.9  4.2  4.7  8.0  8.0 24.2 20.3 RANGLE
       31.9 32.7 32.0 31.6 31.6 31.6 31.7 31.7 31.7 31.8 32.8 32.8 DELAY 
        308  453  356  299  293  297  305  318  282  302  458  456 V HITE
       0.50 1.00 1.00 1.00 1.00 1.00 0.98 0.91 0.77 0.54 0.28 0.10 MUFday
        160  209  188  164  156  153  151  152  153  158  163  175 LOSS  
         -9  -59  -45  -22  -10   -4   -1   -1   -3   -8  -12  -22 DBU   
       -140 -172 -159 -140 -132 -128 -128 -130 -133 -138 -143 -155 S DBW 
       -164 -129 -131 -137 -143 -148 -153 -158 -161 -163 -165 -167 N DBW 
         24  -43  -28   -3   11   20   26   28   28   25   22   12 SNR   
         50  105   89   64   50   43   42   45   46   49   52   62 RPWRG 
       0.04 0.00 0.00 0.00 0.00 0.00 0.00 0.01 0.01 0.04 0.09 0.04 REL   
       0.00 0.00 0.00 0.00 0.00 0.00 0.00 0.00 0.00 0.00 0.00 0.00 MPROB 
       0.07 0.00 0.00 0.00 0.00 0.02 0.05 0.08 0.09 0.08 0.07 0.04 S PRB 
       25.0 10.5 10.5 10.6 11.5 14.2 18.8 24.3 25.0 25.0 25.0 25.0 SIG LW
       15.9  4.9  4.9  4.9  4.9  5.1  6.1  8.7  9.7 14.8 23.8 25.0 SIG UP
       26.7 14.7 14.4 13.7 13.7 15.8 20.3 25.7 26.6 26.7 26.8 26.8 SNR LW
       16.8 10.9 10.6  9.8  8.9  8.1  8.1  9.8 10.8 15.7 24.4 25.7 SNR UP
        0.0  0.0  0.0  0.0  0.0  0.0  0.0  0.0  0.0  0.0  0.0  0.0 TGAIN 
        0.0  0.0  0.0  0.0  0.0  0.0  0.0  0.0  0.0  0.0  0.0  0.0 RGAIN 
         -3  -58  -42  -17   -3    4    5    2    1   -2   -5  -15 SNRxx 

   4.0 15.9  2.0  2.4  3.9  5.9  7.8  9.7 11.6 13.6 15.5 17.4 19.3 FREQ
       F2F2 F2F2 F2F2 F2F2 F2F2 F2F2 F2F2 F2F2 F2F2 F2F2 F2F2 F2F2 MODE  
        3.0 20.0  5.9  3.8  3.6  3.7  4.0  4.4  3.0  3.0  3.0  8.9 TANGLE
       18.2 24.0  5.9  3.8  3.6  3.7  4.0  4.4  8.0 19.0 14.9 11.1 RANGLE
       32.5 32.1 32.0 31.6 31.6 31.6 31.6 31.7 31.8 32.5 32.7 32.7 DELAY 
        421  287  355  293  288  291  299  312  290  414  473  471 V HITE
       0.50 1.00 1.00 1.00 1.00 1.00 0.98 0.91 0.77 0.55 0.28 0.10 MUFday
        158  194  189  164  156  153  151  152  153  156  165  178 LOSS  
         -6  -61  -46  -21  -10   -3   -1   -1   -3   -5  -13  -26 DBU   
       -138 -174 -161 -140 -132 -128 -128 -130 -133 -136 -145 -158 S DBW 
       -164 -133 -134 -140 -145 -149 -154 -159 -162 -164 -166 -167 N DBW 
         27  -41  -26    0   13   21   27   29   29   28   21    9 SNR   
         47  104   88   62   48   42   41   44   45   46   53   65 RPWRG 
       0.06 0.00 0.00 0.00 0.00 0.00 0.00 0.01 0.02 0.06 0.07 0.03 REL   
       0.00 0.00 0.00 0.00 0.00 0.00 0.00 0.00 0.00 0.00 0.00 0.00 MPROB 
       0.09 0.00 0.00 0.00 0.01 0.03 0.06 0.08 0.09 0.09 0.06 0.03 S PRB 
       25.0 10.5 10.5 10.6 11.5 14.2 18.9 24.5 25.0 25.0 25.0 25.0 SIG LW
       16.0  4.9  4.9  4.9  4.9  5.1  6.1  8.7  9.7 15.0 21.6 25.0 SIG UP
       26.7 15.5 15.2 14.3 14.1 16.0 20.5 26.0 26.6 26.7 26.8 26.8 SNR LW
       16.9 11.8 11.5 10.6  9.5  8.6  8.3 10.0 10.9 15.9 22.4 25.7 SNR UP
        0.0  0.0  0.0  0.0  0.0  0.0  0.0  0.0  0.0  0.0  0.0  0.0 TGAIN 
        0.0  0.0  0.0  0.0  0.0  0.0  0.0  0.0  0.0  0.0  0.0  0.0 RGAIN 
          0  -57  -41  -15   -1    5    6    3    2    1   -6  -18 SNRxx 
     CCIR Coefficients         METHOD 30   VOACAP L 10.0404W  PAGE   3

  Mar    2013          SSN =  72.                Minimum Angle= 3.000 degrees
                                            AZIMUTHS          N. MI.      KM
  37.00 N   80.00 W -  0.00 N    0.00 E     96.06  307.42    4924.6   9119.7
  XMTR  2-30 +  0.0 dBi[default/isotrope     ] Az=  0.0 OFFaz= 96.1   0.100kW
  RCVR  2-30 +  0.0 dBi[                     ] Az=  0.0 OFFaz=307.4
  3 MHz NOISE = -145.0 dBW     REQ. REL = 90%    REQ. SNR = 47.0 dB
  MULTIPATH POWER TOLERANCE =  3.0 dB   MULTIPATH DELAY TOLERANCE =  0.100 ms

   5.0 15.4  2.0  4.0  4.6  6.0  8.0 10.0 12.0 14.0 16.0 18.1 20.1 FREQ
       F2F2 F2F2 F2F2 F2F2 F2F2 F2F2 F2F2 F2F2 F2F2 F2F2 F2F2 F2F2 MODE  
        3.0  3.0 10.0 10.0 10.0 10.0 12.0 14.0  3.0  3.0  7.2  7.2 TANGLE
        3.0 25.0 10.0 10.0  8.0 18.0 10.0 12.0  3.0  3.0  7.2  7.2 RANGLE
       31.9 32.4 31.8 31.8 31.7 31.9 31.9 32.1 31.8 32.0 32.3 32.3 DELAY 
        346  366  279  269  266  277  285  324  314  370  395  395 V HITE
       0.50 1.00 1.00 1.00 1.00 0.99 0.95 0.85 0.67 0.43 0.23 0.10 MUFday
        159  187  169  164  158  153  151  151  155  161  170  182 LOSS  
         -8  -54  -29  -24  -15   -8   -4   -2   -5  -10  -17  -29 DBU   
       -139 -167 -149 -144 -138 -133 -131 -131 -135 -141 -150 -162 S DBW 
       -164 -135 -142 -144 -147 -151 -155 -159 -162 -165 -166 -168 N DBW 
         25  -32   -6    0    9   17   24   29   28   24   17    6 SNR   
         49   95   68   62   53   47   47   45   46   50   57   68 RPWRG 
       0.05 0.00 0.00 0.00 0.00 0.00 0.00 0.02 0.03 0.05 0.07 0.02 REL   
       0.00 0.00 0.00 0.00 0.00 0.00 0.00 0.00 0.00 0.00 0.00 0.00 MPROB 
       0.08 0.00 0.00 0.00 0.01 0.03 0.06 0.09 0.09 0.07 0.05 0.03 S PRB 
       25.0 10.2 10.5 10.8 11.7 16.1 22.4 25.0 25.0 25.0 25.0 25.0 SIG LW
       16.1  4.8  4.8  4.8  4.9  5.2  6.4  9.7 12.1 17.6 25.0 25.0 SIG UP
       26.7 16.0 14.8 14.6 14.6 17.9 23.8 26.5 26.7 26.8 26.8 26.8 SNR LW
       17.0 12.0 11.3 11.0 10.2  9.1  8.7 10.9 13.1 18.5 25.7 25.7 SNR UP
        0.0  0.0  0.0  0.0  0.0  0.0  0.0  0.0  0.0  0.0  0.0  0.0 TGAIN 
        0.0  0.0  0.0  0.0  0.0  0.0  0.0  0.0  0.0  0.0  0.0  0.0 RGAIN 
         -2  -48  -21  -15   -6    0    0    2    1   -3  -10  -21 SNRxx 

   6.0 13.9  2.0  3.8  5.6  6.8  7.4  9.2 10.9 12.7 14.5 16.3 18.1 FREQ
       F2F2 F2 E F2F2 F2F2 F2F2 F2F2 F2F2 F2F2 F2F2 F2F2 F2F2 F2F2 MODE  
        3.0 20.0 10.0 10.0 10.0  3.2 12.0 12.0  3.0  3.0  3.0  7.6 TANGLE
        3.0  3.0 26.0 10.0 10.0  3.2 10.0 12.0  3.0  3.0  7.6  7.6 RANGLE
       31.9 31.4 32.0 31.9 31.8 31.5 31.9 32.1 31.8 32.0 32.4 32.3 DELAY 
        340  193  280  288  278  277  288  318  313  363  427  405 V HITE
       0.50 1.00 1.00 1.00 0.99 0.99 0.95 0.84 0.66 0.43 0.23 0.10 MUFday
        159  223  175  161  156  156  153  152  155  161  169  181 LOSS  
         -9  -90  -36  -19  -12   -8   -7   -4   -6  -11  -18  -29 DBU   
       -139 -203 -155 -141 -136 -133 -133 -132 -135 -141 -149 -161 S DBW 
       -162 -137 -144 -147 -149 -150 -154 -158 -161 -163 -165 -166 N DBW 
         23  -66  -11    6   13   17   21   26   25   22   16    5 SNR   
         51  129   73   55   50   48   50   48   48   52   58   69 RPWRG 
       0.03 0.00 0.00 0.00 0.00 0.00 0.00 0.01 0.02 0.04 0.06 0.02 REL   
       0.00 0.00 0.00 0.00 0.00 0.00 0.00 0.00 0.00 0.00 0.00 0.00 MPROB 
       0.07 0.00 0.00 0.01 0.01 0.03 0.05 0.08 0.08 0.07 0.05 0.02 S PRB 
       25.0  9.3  9.8 11.0 13.2 15.9 21.9 25.0 25.0 25.0 25.0 25.0 SIG LW
       16.0  4.8  4.8  4.8  5.0  5.3  6.4  9.7 12.2 17.8 25.0 25.0 SIG UP
       26.7 15.9 15.1 14.8 15.9 18.1 23.4 26.4 26.6 26.7 26.8 26.8 SNR LW
       16.9 12.2 11.6 11.2 10.5 10.3  9.7 11.3 13.2 18.6 25.6 25.7 SNR UP
        0.0  0.0  0.0  0.0  0.0  0.0  0.0  0.0  0.0  0.0  0.0  0.0 TGAIN 
        0.0  0.0  0.0  0.0  0.0  0.0  0.0  0.0  0.0  0.0  0.0  0.0 RGAIN 
         -4  -82  -26   -8   -3   -1   -3   -1   -1   -5  -11  -22 SNRxx 
     CCIR Coefficients         METHOD 30   VOACAP L 10.0404W  PAGE   4

  Mar    2013          SSN =  72.                Minimum Angle= 3.000 degrees
                                            AZIMUTHS          N. MI.      KM
  37.00 N   80.00 W -  0.00 N    0.00 E     96.06  307.42    4924.6   9119.7
  XMTR  2-30 +  0.0 dBi[default/isotrope     ] Az=  0.0 OFFaz= 96.1   0.100kW
  RCVR  2-30 +  0.0 dBi[                     ] Az=  0.0 OFFaz=307.4
  3 MHz NOISE = -145.0 dBW     REQ. REL = 90%    REQ. SNR = 47.0 dB
  MULTIPATH POWER TOLERANCE =  3.0 dB   MULTIPATH DELAY TOLERANCE =  0.100 ms

   7.0 13.6  2.0  2.8  3.5  5.1  6.6  8.1  9.6 11.2 12.7 14.2 15.8 FREQ
       F2F2 F2F2 F2F2 F2F2 F2F2 F2F2 F2F2 F2F2 F2F2 F2F2 F2F2 F2F2 MODE  
        3.0 13.6  5.0  4.1  3.7  3.7  3.9  4.2 16.0  3.0  3.0  8.8 TANGLE
       20.4 13.6  5.0  4.1  3.7  3.7  3.9  4.2 10.0 22.9 18.7 15.1 RANGLE
       32.7 33.1 31.8 31.6 31.6 31.6 31.6 31.7 32.2 32.6 32.7 32.9 DELAY 
        443  399  328  302  289  289  295  306  333  426  462  492 V HITE
       0.50 1.00 1.00 1.00 1.00 1.00 0.99 0.95 0.85 0.65 0.35 0.10 MUFday
        158  224  193  180  167  160  157  155  154  155  162  177 LOSS  
         -8  -79  -53  -38  -23  -13   -7   -5   -6   -6  -12  -26 DBU   
       -138 -192 -169 -157 -144 -137 -133 -132 -134 -135 -142 -157 S DBW 
       -162 -139 -143 -145 -148 -151 -154 -156 -159 -161 -163 -164 N DBW 
         24  -53  -26  -11    4   14   21   24   25   26   20    7 SNR   
         50  115   87   72   56   47   43   44   49   48   53   67 RPWRG 
       0.03 0.00 0.00 0.00 0.00 0.00 0.00 0.00 0.00 0.02 0.04 0.02 REL   
       0.00 0.00 0.00 0.00 0.00 0.00 0.00 0.00 0.00 0.00 0.00 0.00 MPROB 
       0.07 0.00 0.00 0.00 0.00 0.01 0.04 0.05 0.07 0.08 0.06 0.03 S PRB 
       25.0  9.3  9.3  9.3  9.6 11.0 14.5 19.4 25.0 25.0 25.0 25.0 SIG LW
       15.0  4.8  4.8  4.8  4.8  4.9  5.3  7.1  8.8 12.0 19.2 25.0 SIG UP
       26.7 14.6 14.3 13.8 13.3 14.0 16.8 21.2 26.5 26.6 26.7 26.7 SNR LW
       15.8  9.9  9.7  9.6  9.6  8.9  8.5  9.2 10.2 13.1 19.9 25.6 SNR UP
        0.0  0.0  0.0  0.0  0.0  0.0  0.0  0.0  0.0  0.0  0.0  0.0 TGAIN 
        0.0  0.0  0.0  0.0  0.0  0.0  0.0  0.0  0.0  0.0  0.0  0.0 RGAIN 
         -3  -68  -40  -25   -9    0    4    3   -2   -1   -6  -20 SNRxx 

   8.0 12.4  2.0  3.4  3.4  4.7  6.1  7.5  8.9 10.2 11.6 13.0 14.3 FREQ
       F2F2 F2F2 F2F2 F2F2 F2F2 F2F2 F2F2 F2F2 F2F2 F2F2 F2F2 F2F2 MODE  
        3.0 18.4  5.0  5.0  3.9  3.7  3.9  4.2  4.8  3.0  3.0  8.9 TANGLE
        4.3 18.4  5.0  5.0  3.9  3.7  3.9  4.2  4.8  6.1  3.0  3.0 RANGLE
       32.0 33.9 31.8 31.8 31.6 31.6 31.6 31.7 31.8 32.0 31.9 32.0 DELAY 
        355  390  328  328  295  292  296  306  324  342  328  345 V HITE
       0.50 1.00 1.00 1.00 1.00 1.00 0.99 0.95 0.84 0.64 0.35 0.10 MUFday
        166  255  206  205  185  173  166  162  161  163  171  189 LOSS  
        -17 -115  -64  -63  -41  -27  -18  -14  -13  -14  -22  -39 DBU   
       -146 -228 -182 -181 -162 -150 -143 -140 -140 -143 -151 -169 S DBW 
       -161 -140 -145 -146 -149 -152 -154 -156 -158 -160 -161 -163 N DBW 
         14  -88  -37  -36  -13    2   12   17   18   17   10   -6 SNR   
         59  148   96   95   73   59   52   51   56   57   64   80 RPWRG 
       0.00 0.00 0.00 0.00 0.00 0.00 0.00 0.00 0.00 0.00 0.01 0.00 REL   
       0.00 0.00 0.00 0.00 0.00 0.00 0.00 0.00 0.00 0.00 0.00 0.00 MPROB 
       0.04 0.00 0.00 0.00 0.00 0.00 0.02 0.03 0.05 0.05 0.03 0.01 S PRB 
       25.0  8.6  8.6  8.6  8.9 10.3 13.8 18.8 25.0 25.0 25.0 25.0 SIG LW
       13.3  4.8  4.8  4.8  4.8  4.9  5.3  7.2  9.2 11.0 18.0 25.0 SIG UP
       26.6 13.2 12.8 12.8 12.9 13.8 16.6 20.9 26.6 26.6 26.6 26.7 SNR LW
       14.3  8.3  7.7  7.7  7.6  7.5  7.7  9.0 10.6 12.1 18.7 25.5 SNR UP
        0.0  0.0  0.0  0.0  0.0  0.0  0.0  0.0  0.0  0.0  0.0  0.0 TGAIN 
        0.0  0.0  0.0  0.0  0.0  0.0  0.0  0.0  0.0  0.0  0.0  0.0 RGAIN 
        -12 -101  -49  -48  -26  -12   -5   -4   -9  -10  -17  -33 SNRxx 
     CCIR Coefficients         METHOD 30   VOACAP L 10.0404W  PAGE   5

  Mar    2013          SSN =  72.                Minimum Angle= 3.000 degrees
                                            AZIMUTHS          N. MI.      KM
  37.00 N   80.00 W -  0.00 N    0.00 E     96.06  307.42    4924.6   9119.7
  XMTR  2-30 +  0.0 dBi[default/isotrope     ] Az=  0.0 OFFaz= 96.1   0.100kW
  RCVR  2-30 +  0.0 dBi[                     ] Az=  0.0 OFFaz=307.4
  3 MHz NOISE = -145.0 dBW     REQ. REL = 90%    REQ. SNR = 47.0 dB
  MULTIPATH POWER TOLERANCE =  3.0 dB   MULTIPATH DELAY TOLERANCE =  0.100 ms

   9.0 12.8  2.0  3.4  4.3  4.9  6.3  7.7  9.1 10.6 12.0 13.4 14.9 FREQ
       F2F2 F2F2 F2F2 F2F2 F2F2 F2F2 F2F2 F2F2 F2F2 F2F2 F2F2 F2F2 MODE  
        3.0 23.9 10.4  5.0  3.8  3.4  3.4  3.7  4.3  3.0  3.0  8.5 TANGLE
        8.3 23.9 10.4  5.0  3.8  3.4  3.4  3.7  4.3 10.0  7.3  4.7 RANGLE
       32.0 35.3 32.3 31.8 31.6 31.5 31.5 31.6 31.7 31.9 32.1 32.2 DELAY 
        346  406  326  327  294  282  283  292  309  301  363  384 V HITE
       0.50 1.00 1.00 1.00 1.00 1.00 0.99 0.95 0.84 0.64 0.35 0.10 MUFday
        171  314  246  218  207  190  179  172  168  169  176  193 LOSS  
        -22 -179 -104  -76  -65  -45  -31  -23  -20  -21  -26  -42 DBU   
       -151 -292 -222 -196 -186 -168 -156 -149 -148 -149 -156 -173 S DBW 
       -161 -140 -146 -149 -150 -153 -156 -157 -159 -160 -162 -163 N DBW 
         10 -152  -75  -47  -35  -14    0    8   11   11    6  -10 SNR   
         64  212  135  106   95   75   63   59   62   63   68   83 RPWRG 
       0.00 0.00 0.00 0.00 0.00 0.00 0.00 0.00 0.00 0.00 0.00 0.00 REL   
       0.00 0.00 0.00 0.00 0.00 0.00 0.00 0.00 0.00 0.00 0.00 0.00 MPROB 
       0.03 0.00 0.00 0.00 0.00 0.00 0.01 0.02 0.03 0.03 0.02 0.01 S PRB 
       25.0  8.0  8.1  8.1  8.2  9.4 12.7 18.0 25.0 25.0 25.0 25.0 SIG LW
       14.6  4.8  4.8  4.8  4.8  4.9  5.2  7.1  9.1 12.3 18.8 25.0 SIG UP
       26.6 12.5 12.6 12.6 12.6 13.4 15.8 20.3 26.7 26.6 26.6 26.7 SNR LW
       15.5  7.6  7.6  7.6  7.6  7.5  7.7  9.0 10.5 13.3 19.5 25.5 SNR UP
        0.0  0.0  0.0  0.0  0.0  0.0  0.0  0.0  0.0  0.0  0.0  0.0 TGAIN 
        0.0  0.0  0.0  0.0  0.0  0.0  0.0  0.0  0.0  0.0  0.0  0.0 RGAIN 
        -17 -165  -88  -59  -48  -28  -16  -12  -15  -16  -21  -36 SNRxx 

  10.0 16.1  2.0  3.9  5.7  5.8  7.6  9.4 11.3 13.1 15.0 16.8 18.7 FREQ
       F2F2  E E F2F2 F2F2 F2F2 F2F2 F2F2 F2F2 F2F2 F2F2 F2F2 F2F2 MODE  
        3.0  3.4 14.7  5.1  4.8  7.3  7.4 10.0 12.0  3.0  3.0  7.6 TANGLE
       14.0  3.4 14.7  5.1  4.8  7.3  7.4 24.0 17.3 14.0 10.1  6.7 RANGLE
       32.1 30.8 32.9 31.8 31.8 31.7 31.8 32.2 32.4 32.1 32.3 32.4 DELAY 
        336   92  319  330  322  257  260  319  364  346  396  415 V HITE
       0.50 1.00 1.00 1.00 1.00 1.00 0.97 0.96 0.86 0.66 0.36 0.10 MUFday
        172  585  288  227  224  206  189  176  169  170  176  193 LOSS  
        -21 -452 -148  -83  -81  -58  -39  -28  -20  -19  -24  -41 DBU   
       -152 -565 -267 -206 -203 -183 -166 -156 -149 -150 -156 -173 S DBW 
       -164 -140 -148 -153 -153 -156 -158 -160 -161 -163 -165 -166 N DBW 
         12 -425 -119  -53  -50  -27   -7    4   12   13    9   -7 SNR   
         62  484  178  113  110   88   73   66   61   60   65   81 RPWRG 
       0.01 0.00 0.00 0.00 0.00 0.00 0.00 0.00 0.00 0.00 0.01 0.00 REL   
       0.00 0.00 0.00 0.00 0.00 0.00 0.00 0.00 0.00 0.00 0.00 0.00 MPROB 
       0.03 0.00 0.00 0.00 0.00 0.00 0.01 0.01 0.03 0.04 0.03 0.01 S PRB 
       25.0  8.1  8.2  8.3  8.3 10.5 15.9 20.7 25.0 25.0 25.0 25.0 SIG LW
       16.5  4.8  4.8  4.8  4.8  4.9  6.0  6.2  8.9 12.3 19.3 25.0 SIG UP
       26.7 12.6 12.7 12.7 12.7 14.2 18.5 22.7 26.6 26.7 26.7 26.7 SNR LW
       17.4  7.7  7.7  7.7  7.7  7.7  8.2  8.2 10.3 13.4 20.1 25.6 SNR UP
        0.0  0.0  0.0  0.0  0.0  0.0  0.0  0.0  0.0  0.0  0.0  0.0 TGAIN 
        0.0  0.0  0.0  0.0  0.0  0.0  0.0  0.0  0.0  0.0  0.0  0.0 RGAIN 
        -15 -437 -131  -66  -63  -41  -26  -19  -14  -13  -18  -34 SNRxx 
     CCIR Coefficients         METHOD 30   VOACAP L 10.0404W  PAGE   6

  Mar    2013          SSN =  72.                Minimum Angle= 3.000 degrees
                                            AZIMUTHS          N. MI.      KM
  37.00 N   80.00 W -  0.00 N    0.00 E     96.06  307.42    4924.6   9119.7
  XMTR  2-30 +  0.0 dBi[default/isotrope     ] Az=  0.0 OFFaz= 96.1   0.100kW
  RCVR  2-30 +  0.0 dBi[                     ] Az=  0.0 OFFaz=307.4
  3 MHz NOISE = -145.0 dBW     REQ. REL = 90%    REQ. SNR = 47.0 dB
  MULTIPATH POWER TOLERANCE =  3.0 dB   MULTIPATH DELAY TOLERANCE =  0.100 ms

  11.0 21.5  2.0  4.0  6.0  8.4 10.8 13.1 15.5 17.8 20.2 22.6 24.9 FREQ
       F2F2  E E  E E F2F2 F2F2 F2F2 F2F2 F2F2 F2F2 F2F2 F2F2 F2F2 MODE  
        7.7  3.2  3.8 12.1  6.6  8.0  8.0 10.0 10.0  3.0  3.0  6.8 TANGLE
        3.9  3.2  3.8 12.1  6.6 26.0 19.0 16.0 14.0  6.4 22.0 18.9 RANGLE
       32.7 30.8 30.9 32.3 31.6 32.2 32.2 32.1 32.0 32.1 32.7 33.4 DELAY 
        511   89   97  271  242  320  333  311  311  375  444  591 V HITE
       0.50 1.00 1.00 1.00 1.00 1.00 1.00 0.98 0.89 0.66 0.34 0.10 MUFday
        173  768  499  277  226  194  180  174  170  169  173  186 LOSS  
        -19 -634 -225 -133  -79  -46  -31  -23  -18  -16  -18  -31 DBU   
       -153 -748 -345 -256 -205 -174 -160 -154 -150 -149 -153 -166 S DBW 
       -168 -140 -148 -153 -157 -159 -161 -163 -165 -167 -169 -170 N DBW 
         15 -608 -196 -103  -48  -15    1    9   15   18   16    4 SNR   
         58  667  256  163  107   75   60   57   58   56   58   70 RPWRG 
       0.01 0.00 0.00 0.00 0.00 0.00 0.00 0.00 0.00 0.00 0.06 0.02 REL   
       0.00 0.00 0.00 0.00 0.00 0.00 0.00 0.00 0.00 0.00 0.00 0.00 MPROB 
       0.04 0.00 0.00 0.00 0.00 0.00 0.00 0.01 0.04 0.05 0.05 0.02 S PRB 
       25.0  8.2  8.2  8.2  8.2  8.6 10.4 16.8 25.0 25.0 25.0 25.0 SIG LW
       14.6  4.9  4.9  4.9  4.9  4.9  5.0  5.7  8.5 11.9 24.5 25.0 SIG UP
       26.8 12.6 12.7 12.6 12.6 12.7 13.8 19.1 26.7 26.7 26.8 26.8 SNR LW
       15.7  7.7  7.7  7.7  7.5  7.3  7.1  7.6 10.0 13.1 25.1 25.7 SNR UP
        0.0  0.0  0.0  0.0  0.0  0.0  0.0  0.0  0.0  0.0  0.0  0.0 TGAIN 
        0.0  0.0  0.0  0.0  0.0  0.0  0.0  0.0  0.0  0.0  0.0  0.0 RGAIN 
        -11 -620 -209 -116  -60  -28  -13  -10  -11   -9  -11  -23 SNRxx 

  12.0 26.2  2.0  4.2  6.4  8.7 11.8 14.9 18.0 21.1 24.2 27.3 30.4 FREQ
       F2F2  E E  E E F2F2 F2F2 F2F2 F2F2 F2F2 F2F2 F2F2 F2F2 F2F2 MODE  
        7.5  4.6  3.6 16.8 10.8  8.0  8.0  8.0 10.0  3.0  3.0  6.5 TANGLE
       16.8  4.6  3.6 16.8 10.8 26.0 24.0 28.0  6.3  3.0 15.1  3.0 RANGLE
       34.1 30.9 30.9 33.1 32.1 32.1 32.0 32.3 32.2 31.8 33.5 32.2 DELAY 
        749   86   94  287  248  300  282  336  377  315  650  403 V HITE
       0.50 1.00 1.00 1.00 1.00 1.00 1.00 0.99 0.92 0.71 0.37 0.10 MUFday
        170 1057  630  318  261  207  189  174  170  170  173  195 LOSS  
        -15 -924 -491 -174 -113  -58  -38  -22  -16  -15  -17  -38 DBU   
       -150-1037 -610 -297 -239 -187 -169 -154 -150 -150 -153 -175 S DBW 
       -171 -140 -149 -154 -157 -159 -162 -165 -168 -170 -171 -173 N DBW 
         21 -897 -461 -144  -82  -27   -7   10   18   20   18   -2 SNR   
         53  956  521  203  141   86   67   54   51   54   56   76 RPWRG 
       0.02 0.00 0.00 0.00 0.00 0.00 0.00 0.00 0.00 0.00 0.03 0.01 REL   
       0.00 0.00 0.00 0.00 0.00 0.00 0.00 0.00 0.00 0.00 0.00 0.00 MPROB 
       0.06 0.00 0.00 0.00 0.00 0.00 0.00 0.01 0.04 0.05 0.05 0.01 S PRB 
       25.0  7.6  7.6  7.7  7.7  7.8  9.1 14.6 20.4 25.0 25.0 25.0 SIG LW
       15.2  5.0  5.0  5.0  5.0  5.0  5.0  5.5  6.9 11.2 19.2 25.0 SIG UP
       26.8 12.4 12.3 12.3 12.2 11.9 12.7 17.1 22.5 26.8 26.8 26.8 SNR LW
       16.3  7.7  7.7  7.7  7.5  7.1  7.0  7.3  8.8 12.6 20.1 25.7 SNR UP
        0.0  0.0  0.0  0.0  0.0  0.0  0.0  0.0  0.0  0.0  0.0  0.0 TGAIN 
        0.0  0.0  0.0  0.0  0.0  0.0  0.0  0.0  0.0  0.0  0.0  0.0 RGAIN 
         -6 -909 -474 -156  -94  -39  -20   -7   -4   -7   -9  -29 SNRxx 
     CCIR Coefficients         METHOD 30   VOACAP L 10.0404W  PAGE   7

  Mar    2013          SSN =  72.                Minimum Angle= 3.000 degrees
                                            AZIMUTHS          N. MI.      KM
  37.00 N   80.00 W -  0.00 N    0.00 E     96.06  307.42    4924.6   9119.7
  XMTR  2-30 +  0.0 dBi[default/isotrope     ] Az=  0.0 OFFaz= 96.1   0.100kW
  RCVR  2-30 +  0.0 dBi[                     ] Az=  0.0 OFFaz=307.4
  3 MHz NOISE = -145.0 dBW     REQ. REL = 90%    REQ. SNR = 47.0 dB
  MULTIPATH POWER TOLERANCE =  3.0 dB   MULTIPATH DELAY TOLERANCE =  0.100 ms

  13.0 28.7  2.0  4.4  6.7  9.1 11.5 15.1 18.7 22.4 26.0 29.6 33.3 FREQ
       F2F2  E E  E E  E E F2F2 F2F2 F2F2 F2F2 F2F2 F2F2 F2F2 F2F2 MODE  
        7.6  4.2  3.4  3.8 14.7 28.0  8.0  8.0 10.0  3.0  6.1  6.5 TANGLE
       13.0  4.2  3.4  3.8 14.7 26.0 16.0 26.0  3.8  3.0  3.0  6.5 RANGLE
       34.2 30.8 30.8 30.9 32.6 32.4 32.0 32.3 32.2 31.8 32.7 32.2 DELAY 
        802   83   91   96  254  315  314  334  378  316  517  373 V HITE
       0.50 1.00 1.00 1.00 1.00 1.00 1.00 0.99 0.94 0.75 0.39 0.10 MUFday
        171 1194  746  473  285  231  196  180  172  172  177  197 LOSS  
        -15-1061 -606 -224 -137  -83  -45  -27  -18  -16  -21  -40 DBU   
       -151 -500 -726 -348 -264 -211 -176 -160 -152 -152 -157 -177 S DBW 
       -172 -140 -149 -154 -157 -159 -161 -164 -168 -171 -172 -174 N DBW 
         21 -360 -577 -193 -107  -52  -15    5   16   19   15   -4 SNR   
         53  418  636  253  166  111   74   58   51   55   59   77 RPWRG 
       0.01 0.00 0.00 0.00 0.00 0.00 0.00 0.00 0.00 0.00 0.01 0.01 REL   
       0.00 0.00 0.00 0.00 0.00 0.00 0.00 0.00 0.00 0.00 0.00 0.00 MPROB 
       0.06 0.00 0.00 0.00 0.00 0.00 0.00 0.00 0.03 0.05 0.04 0.01 S PRB 
       25.0  0.2  7.7  7.7  7.8  7.8  8.3 12.4 17.6 25.0 25.0 25.0 SIG LW
       14.4  0.2  5.0  5.0  5.0  5.0  5.0  5.2  6.3 10.4 17.5 25.0 SIG UP
       26.8 10.4 12.3 12.2 12.1 11.8 11.8 15.1 19.9 26.8 26.8 26.8 SNR LW
       15.5  6.0  7.7  7.6  7.4  7.2  6.9  7.0  8.2 11.9 18.5 25.7 SNR UP
        0.0  0.0  0.0  0.0  0.0  0.0  0.0  0.0  0.0  0.0  0.0  0.0 TGAIN 
        0.0  0.0  0.0  0.0  0.0  0.0  0.0  0.0  0.0  0.0  0.0  0.0 RGAIN 
         -6 -371 -589 -206 -119  -64  -27  -11   -4   -8  -12  -30 SNRxx 

  14.0 28.7  2.0  4.1  6.1  8.2 10.3 12.3 14.4 19.1 23.9 28.6 33.3 FREQ
       F2F2  E E  E E  E E  E E F1F2 F1F2 F2F2 F2F2 F2F2 F2F2 F2F2 MODE  
        8.4  4.1  3.2  3.5  3.8 16.0 11.0 16.0 22.9 10.0  8.6  7.3 TANGLE
       13.0  4.1  3.2  3.5  3.8 28.0 20.9 16.3 26.0  3.0 13.2  7.3 RANGLE
       34.3 30.8 30.8 30.9 30.9 32.4 32.4 32.3 33.4 31.9 34.3 32.3 DELAY 
        807   80   89   93   97  335  358  342  497  320  805  395 V HITE
       0.50 1.00 1.00 1.00 1.00 1.00 1.00 1.00 0.99 0.89 0.51 0.10 MUFday
        169 1244  868  581  417  251  217  204  174  174  169  197 LOSS  
        -13 -500 -728 -438 -185 -103  -68  -53  -21  -20  -13  -39 DBU   
       -149 -500 -848 -561 -310 -231 -197 -184 -154 -154 -149 -177 S DBW 
       -172 -140 -148 -153 -156 -158 -159 -159 -163 -169 -172 -174 N DBW 
         23 -360 -699 -408 -154  -73  -39  -24    9   14   23   -3 SNR   
         51  419  759  467  228  132  100   83   53   57   51   77 RPWRG 
       0.02 0.00 0.00 0.00 0.00 0.00 0.00 0.00 0.00 0.00 0.02 0.01 REL   
       0.00 0.00 0.00 0.00 0.00 0.00 0.00 0.00 0.00 0.00 0.00 0.00 MPROB 
       0.06 0.00 0.00 0.00 0.00 0.00 0.00 0.00 0.00 0.03 0.06 0.01 S PRB 
       25.0  0.2  7.5  7.5 25.0  7.9 11.4  7.9 12.7 22.8 25.0 25.0 SIG LW
       14.2  0.2  5.1  5.1  8.0  5.1  5.4  5.1  5.4  7.7 14.0 25.0 SIG UP
       26.8 11.4 12.2 12.1 26.7 12.0 14.3 11.5 15.2 24.5 26.8 26.8 SNR LW
       15.4  6.9  7.7  7.7  9.8  7.3  7.3  7.1  7.1  9.3 15.1 25.7 SNR UP
        0.0  0.0  0.0  0.0  0.0  0.0  0.0  0.0  0.0  0.0  0.0  0.0 TGAIN 
        0.0  0.0  0.0  0.0  0.0  0.0  0.0  0.0  0.0  0.0  0.0  0.0 RGAIN 
         -4 -372 -712 -420 -181  -85  -53  -36   -6  -10   -4  -30 SNRxx 
     CCIR Coefficients         METHOD 30   VOACAP L 10.0404W  PAGE   8

  Mar    2013          SSN =  72.                Minimum Angle= 3.000 degrees
                                            AZIMUTHS          N. MI.      KM
  37.00 N   80.00 W -  0.00 N    0.00 E     96.06  307.42    4924.6   9119.7
  XMTR  2-30 +  0.0 dBi[default/isotrope     ] Az=  0.0 OFFaz= 96.1   0.100kW
  RCVR  2-30 +  0.0 dBi[                     ] Az=  0.0 OFFaz=307.4
  3 MHz NOISE = -145.0 dBW     REQ. REL = 90%    REQ. SNR = 47.0 dB
  MULTIPATH POWER TOLERANCE =  3.0 dB   MULTIPATH DELAY TOLERANCE =  0.100 ms

  15.0 28.4  2.0  4.3  6.6  8.9 11.3 13.6 15.9 20.3 24.7 29.1 33.5 FREQ
       F2F2  E E  E E  E E F1F1 F1F1 F1F2 F1F1 F2F2 F2F2 F2F2 F2F2 MODE  
        9.3  4.0  3.2  3.5 21.1 18.0 11.1  8.0 20.0 14.4  8.3  8.1 TANGLE
       14.4  4.0  3.2  3.5 22.0 21.8 22.0  8.0  3.0  3.0 13.4  6.0 RANGLE
       34.3 30.8 30.8 30.8 32.0 32.0 32.1 31.9 32.4 32.8 34.3 32.8 DELAY 
        788   79   88   93  265  280  304  272  390  496  801  505 V HITE
       0.50 1.00 1.00 1.00 1.00 1.00 1.00 0.44 0.95 0.78 0.43 0.10 MUFday
        169 1153  787  513  298  244  211  231  167  169  171  193 LOSS  
        -12-1020 -647 -369 -152  -95  -61  -50  -13  -14  -14  -35 DBU   
       -149 -500 -767 -493 -278 -224 -191 -182 -147 -149 -151 -173 S DBW 
       -172 -139 -149 -153 -156 -157 -158 -160 -164 -169 -172 -174 N DBW 
         23 -361 -618 -340 -122  -66  -33  -22   18   20   22    1 SNR   
         51  421  678  399  181  127  101   88   48   53   52   72 RPWRG 
       0.02 0.00 0.00 0.00 0.00 0.00 0.00 0.00 0.00 0.00 0.02 0.01 REL   
       0.00 0.00 0.00 0.00 0.00 0.00 0.00 0.00 0.00 0.00 0.00 0.00 MPROB 
       0.06 0.00 0.00 0.00 0.00 0.00 0.00 0.00 0.02 0.05 0.06 0.02 S PRB 
       25.0  0.2  7.2  7.2  7.3 10.6 19.6 16.9 16.5 25.0 25.0 25.0 SIG LW
       14.0  0.2  5.1  5.1  5.1  5.3  7.1  6.3  6.2  9.5 15.3 25.0 SIG UP
       26.8 13.2 12.7 11.9 11.6 13.6 21.2 18.7 18.5 26.7 26.8 26.8 SNR LW
       15.2  8.8  8.0  7.7  7.5  7.5  8.7  7.9  7.7 10.8 16.4 25.7 SNR UP
        0.0  0.0  0.0  0.0  0.0  0.0  0.0  0.0  0.0  0.0  0.0  0.0 TGAIN 
        0.0  0.0  0.0  0.0  0.0  0.0  0.0  0.0  0.0  0.0  0.0  0.0 RGAIN 
         -4 -374 -631 -352 -134  -80  -54  -41   -1   -6   -5  -25 SNRxx 

  16.0 28.2  2.0  4.4  6.9  9.3 11.7 14.1 16.6 20.8 24.9 29.1 33.3 FREQ
       F2F2  E E  E E  EF2 F1F2 F1F2 F2F2 F2F2 F2F2 F2F2 F2F2 F2F2 MODE  
        9.8  3.9  3.2  3.0 27.9 19.9 20.0 12.0  4.5 14.4  8.4  8.6 TANGLE
        3.0  3.9  3.2 26.0 16.0 12.0 10.0 10.0  4.5 14.0  3.0  3.0 RANGLE
       32.7 30.8 30.8 31.7 32.5 32.1 32.0 32.0 31.7 33.0 32.7 32.4 DELAY 
        503   79   88  227  349  306  291  307  315  498  514  424 V HITE
       0.50 1.00 1.00 1.00 1.00 1.00 1.00 0.99 0.94 0.75 0.41 0.10 MUFday
        171  966  658  364  239  215  198  185  175  166  173  193 LOSS  
        -14 -833 -518 -221  -93  -66  -48  -33  -19  -11  -16  -35 DBU   
       -151 -946 -638 -344 -219 -195 -178 -165 -153 -146 -153 -173 S DBW 
       -172 -137 -148 -152 -155 -156 -158 -160 -165 -169 -172 -174 N DBW 
         21 -809 -490 -192  -65  -39  -20   -5   12   24   19    1 SNR   
         53  873  551  252  123   98   79   65   54   50   55   73 RPWRG 
       0.02 0.00 0.00 0.00 0.00 0.00 0.00 0.00 0.00 0.01 0.02 0.01 REL   
       0.00 0.00 0.00 0.00 0.00 0.00 0.00 0.00 0.00 0.00 0.00 0.00 MPROB 
       0.06 0.00 0.00 0.00 0.00 0.00 0.00 0.00 0.02 0.06 0.05 0.01 S PRB 
       25.0  7.2  7.2  7.2  7.3  8.8  9.1 11.2 17.7 25.0 25.0 25.0 SIG LW
       14.4  5.1  5.1  5.1  5.1  5.2  5.2  5.4  7.9 11.1 16.4 25.0 SIG UP
       26.8 16.6 13.7 12.5 11.7 12.2 12.1 13.6 19.7 26.7 26.8 26.8 SNR LW
       15.5 12.2  9.7  8.9  8.3  7.9  7.4  7.2  9.0 12.2 17.4 25.7 SNR UP
        0.0  0.0  0.0  0.0  0.0  0.0  0.0  0.0  0.0  0.0  0.0  0.0 TGAIN 
        0.0  0.0  0.0  0.0  0.0  0.0  0.0  0.0  0.0  0.0  0.0  0.0 RGAIN 
         -6 -826 -504 -205  -76  -51  -32  -18   -7   -3   -8  -26 SNRxx 
     CCIR Coefficients         METHOD 30   VOACAP L 10.0404W  PAGE   9

  Mar    2013          SSN =  72.                Minimum Angle= 3.000 degrees
                                            AZIMUTHS          N. MI.      KM
  37.00 N   80.00 W -  0.00 N    0.00 E     96.06  307.42    4924.6   9119.7
  XMTR  2-30 +  0.0 dBi[default/isotrope     ] Az=  0.0 OFFaz= 96.1   0.100kW
  RCVR  2-30 +  0.0 dBi[                     ] Az=  0.0 OFFaz=307.4
  3 MHz NOISE = -145.0 dBW     REQ. REL = 90%    REQ. SNR = 47.0 dB
  MULTIPATH POWER TOLERANCE =  3.0 dB   MULTIPATH DELAY TOLERANCE =  0.100 ms

  17.0 28.5  2.0  4.4  6.8  9.3 11.7 14.1 16.5 20.8 25.1 29.4 33.7 FREQ
       F2F2  E E  E E  EF2 F1F2 F1F2 F2F2 F2F2 F2F2 F2F2 F2F2 F2F2 MODE  
        9.7  3.9  3.2  3.0 28.0 20.0 16.0 12.0 21.4 14.6  8.5  8.6 TANGLE
        3.0  3.9  3.2 18.2 12.0 12.0 10.0 10.0 12.0 14.0  3.0  3.0 RANGLE
       32.7 30.8 30.8 31.7 32.2 32.0 32.1 32.0 32.8 33.0 32.7 32.3 DELAY 
        500   79   88  249  307  292  320  309  441  492  510  419 V HITE
       0.50 1.00 1.00 1.00 1.00 1.00 1.00 0.99 0.94 0.76 0.42 0.10 MUFday
        168  767  533  302  224  201  184  176  163  163  171  191 LOSS  
        -12 -634 -393 -158  -78  -53  -34  -25  -10   -8  -14  -33 DBU   
       -148 -747 -513 -282 -204 -181 -164 -156 -143 -143 -151 -171 S DBW 
       -172 -133 -145 -151 -153 -155 -157 -160 -165 -169 -172 -174 N DBW 
         23 -614 -367 -131  -51  -26   -7    3   22   26   21    3 SNR   
         50  679  429  192  111   86   66   57   47   47   52   71 RPWRG 
       0.03 0.00 0.00 0.00 0.00 0.00 0.00 0.00 0.00 0.01 0.03 0.01 REL   
       0.00 0.00 0.00 0.00 0.00 0.00 0.00 0.00 0.00 0.00 0.00 0.00 MPROB 
       0.06 0.00 0.00 0.00 0.00 0.00 0.00 0.00 0.04 0.07 0.06 0.02 S PRB 
       25.0  7.6  7.6  7.6  7.7  9.1  9.1 11.2 20.2 25.0 25.0 25.0 SIG LW
       14.4  5.1  5.1  5.1  5.1  5.1  5.1  5.3  6.7 10.9 16.2 25.0 SIG UP
       26.8 17.7 14.9 13.5 12.2 12.3 12.0 13.6 21.9 26.6 26.8 26.8 SNR LW
       15.4 13.8 11.4 10.4  9.3  8.4  7.6  7.1  7.9 12.0 17.2 25.7 SNR UP
        0.0  0.0  0.0  0.0  0.0  0.0  0.0  0.0  0.0  0.0  0.0  0.0 TGAIN 
        0.0  0.0  0.0  0.0  0.0  0.0  0.0  0.0  0.0  0.0  0.0  0.0 RGAIN 
         -3 -632 -382 -145  -64  -39  -19  -10    0    0   -5  -24 SNRxx 

  18.0 28.9  2.0  4.3  6.6  8.9 11.2 13.5 15.9 20.4 25.0 29.5 34.1 FREQ
       F2F2  E E  EF2  EF2 F1F2 F1F2 F2F2 F2F2 F2F2 F2F2 F2F2 F2F2 MODE  
        9.4  4.0  3.0  3.0 28.0 20.5 16.0 20.0 22.2  3.0  8.5  8.3 TANGLE
        3.0  4.0 26.0 14.0 12.0 10.0 10.0 10.0 12.0 14.0  3.0  3.0 RANGLE
       32.7 30.8 31.7 31.5 32.1 32.0 32.1 32.0 32.8 32.1 32.7 32.4 DELAY 
        494   79  242  223  286  295  326  288  431  333  502  430 V HITE
       0.50 1.00 1.00 1.00 1.00 1.00 1.00 1.00 0.96 0.78 0.44 0.10 MUFday
        166  601  377  275  211  188  176  171  160  163  168  189 LOSS  
        -10 -468 -238 -131  -64  -40  -26  -20   -6   -8  -11  -31 DBU   
       -146 -581 -357 -255 -191 -168 -156 -151 -140 -143 -148 -169 S DBW 
       -172 -128 -141 -147 -150 -153 -156 -158 -164 -169 -172 -174 N DBW 
         26 -453 -217 -108  -40  -15    0    7   25   26   24    5 SNR   
         48  518  280  169  100   75   60   53   44   48   50   69 RPWRG 
       0.04 0.00 0.00 0.00 0.00 0.00 0.00 0.00 0.00 0.01 0.04 0.02 REL   
       0.00 0.00 0.00 0.00 0.00 0.00 0.00 0.00 0.00 0.00 0.00 0.00 MPROB 
       0.07 0.00 0.00 0.00 0.00 0.00 0.00 0.00 0.05 0.07 0.07 0.02 S PRB 
       25.0  8.5  8.5  8.5  8.6  9.6  9.6 11.8 19.7 25.0 25.0 25.0 SIG LW
       14.3  5.0  5.0  5.0  5.0  5.1  5.1  5.2  6.3 10.0 15.7 25.0 SIG UP
       26.8 18.6 16.1 14.5 13.2 12.9 12.3 13.9 21.4 26.6 26.8 26.8 SNR LW
       15.4 14.8 12.8 11.5 10.2  9.1  8.0  7.3  7.5 11.2 16.7 25.7 SNR UP
        0.0  0.0  0.0  0.0  0.0  0.0  0.0  0.0  0.0  0.0  0.0  0.0 TGAIN 
        0.0  0.0  0.0  0.0  0.0  0.0  0.0  0.0  0.0  0.0  0.0  0.0 RGAIN 
         -1 -471 -233 -122  -53  -28  -13   -6    3   -1   -3  -22 SNRxx 
     CCIR Coefficients         METHOD 30   VOACAP L 10.0404W  PAGE  10

  Mar    2013          SSN =  72.                Minimum Angle= 3.000 degrees
                                            AZIMUTHS          N. MI.      KM
  37.00 N   80.00 W -  0.00 N    0.00 E     96.06  307.42    4924.6   9119.7
  XMTR  2-30 +  0.0 dBi[default/isotrope     ] Az=  0.0 OFFaz= 96.1   0.100kW
  RCVR  2-30 +  0.0 dBi[                     ] Az=  0.0 OFFaz=307.4
  3 MHz NOISE = -145.0 dBW     REQ. REL = 90%    REQ. SNR = 47.0 dB
  MULTIPATH POWER TOLERANCE =  3.0 dB   MULTIPATH DELAY TOLERANCE =  0.100 ms

  19.0 28.9  2.0  4.1  6.2  8.4 10.5 12.6 14.7 19.1 23.5 27.9 32.4 FREQ
       F2F2  E E  EF2  EF2 F1F2 F1F2 F2F2 F2F2 F2F2 F2F2 F2F2 F2F2 MODE  
        9.0  4.0  3.0  3.0 24.0 21.1 15.4 11.9  3.0 12.0 10.3  8.0 TANGLE
        3.0  4.0 24.0 12.0 12.0 20.0 10.0 11.9 12.0 14.0  3.0  3.0 RANGLE
       32.7 30.8 31.6 31.4 31.9 32.2 32.2 32.7 32.0 32.2 32.6 32.3 DELAY 
        491   80  212  203  269  300  336  361  328  346  480  423 V HITE
       0.50 1.00 1.00 1.00 1.00 1.00 1.00 0.98 0.96 0.84 0.57 0.10 MUFday
        165  469  337  250  199  181  170  171  160  159  163  188 LOSS  
         -8 -335 -198 -107  -53  -33  -21  -15   -7   -4   -7  -30 DBU   
       -145 -449 -317 -230 -179 -161 -150 -145 -140 -139 -143 -168 S DBW 
       -172 -127 -139 -145 -149 -152 -155 -158 -164 -168 -171 -173 N DBW 
         27 -322 -179  -85  -30   -9    5   12   23   30   29    6 SNR   
         46  385  240  146   90   69   55   54   42   44   45   68 RPWRG 
       0.03 0.00 0.00 0.00 0.00 0.00 0.00 0.00 0.00 0.01 0.03 0.02 REL   
       0.00 0.00 0.00 0.00 0.00 0.00 0.00 0.00 0.00 0.00 0.00 0.00 MPROB 
       0.08 0.00 0.00 0.00 0.00 0.00 0.00 0.02 0.04 0.09 0.09 0.02 S PRB 
       25.0  8.5  8.5  8.5  8.6  9.9  9.7 17.9 15.9 25.0 25.0 25.0 SIG LW
       11.9  5.1  5.1  5.1  5.1  5.1  5.1  7.0  5.8  8.9 11.1 25.0 SIG UP
       26.8 16.8 14.8 13.5 12.5 12.8 12.3 19.3 18.0 26.6 26.8 26.8 SNR LW
       13.2 13.4 11.8 10.7  9.7  8.8  7.9  8.7  7.1 10.2 12.5 25.7 SNR UP
        0.0  0.0  0.0  0.0  0.0  0.0  0.0  0.0  0.0  0.0  0.0  0.0 TGAIN 
        0.0  0.0  0.0  0.0  0.0  0.0  0.0  0.0  0.0  0.0  0.0  0.0 RGAIN 
          1 -338 -193  -99  -43  -22   -8   -7    5    3    2  -21 SNRxx 

  20.0 28.1  2.0  4.2  6.3  8.5 10.7 12.8 16.6 20.3 24.0 27.8 31.5 FREQ
       F2F2  E E  E E F2F2 F2F2 F2F2 F2F2 F2F2 F2F2 F2F2 F2F2 F2F2 MODE  
        3.0  4.2  3.3 25.7 18.4 18.0 10.0 10.0 10.0  3.0  3.0  7.7 TANGLE
        3.0  4.2  3.3 12.0 18.4 10.0 10.0 12.0 14.0  3.0  3.0  3.0 RANGLE
       32.0 30.8 30.8 32.3 33.6 31.9 31.9 31.9 32.0 31.8 31.9 32.4 DELAY 
        354   82   90  324  313  277  284  285  309  308  348  426 V HITE
       0.50 1.00 1.00 1.00 1.00 1.00 1.00 0.99 0.93 0.78 0.53 0.10 MUFday
        165  369  278  194  184  168  163  159  157  158  164  187 LOSS  
         -9 -236 -138  -51  -31  -21  -13   -7   -4   -3   -8  -29 DBU   
       -145 -349 -258 -174 -157 -148 -143 -139 -137 -138 -144 -167 S DBW 
       -172 -126 -138 -144 -148 -152 -155 -161 -166 -169 -171 -173 N DBW 
         27 -224 -120  -30   -8    4   13   22   29   31   27    7 SNR   
         47  286  180   89   69   55   47   41   43   43   46   67 RPWRG 
       0.03 0.00 0.00 0.00 0.00 0.00 0.00 0.00 0.00 0.02 0.03 0.02 REL   
       0.00 0.00 0.00 0.00 0.00 0.00 0.00 0.00 0.00 0.00 0.00 0.00 MPROB 
       0.08 0.00 0.00 0.00 0.00 0.00 0.00 0.03 0.08 0.10 0.08 0.02 S PRB 
       25.0  8.6  8.6  8.6 10.6  9.3 10.1 14.5 23.5 25.0 25.0 25.0 SIG LW
       12.3  5.2  5.2  5.2  5.2  5.2  5.2  5.6  6.9  8.4 11.9 25.0 SIG UP
       26.8 15.1 13.4 12.3 13.1 11.8 12.4 16.5 25.1 26.7 26.8 26.8 SNR LW
       13.6 12.1 10.7  9.7  8.9  8.1  7.4  7.0  8.3 10.0 13.2 25.7 SNR UP
        0.0  0.0  0.0  0.0  0.0  0.0  0.0  0.0  0.0  0.0  0.0  0.0 TGAIN 
        0.0  0.0  0.0  0.0  0.0  0.0  0.0  0.0  0.0  0.0  0.0  0.0 RGAIN 
          0 -239 -133  -42  -22   -8    0    6    4    4    1  -20 SNRxx 
     CCIR Coefficients         METHOD 30   VOACAP L 10.0404W  PAGE  11

  Mar    2013          SSN =  72.                Minimum Angle= 3.000 degrees
                                            AZIMUTHS          N. MI.      KM
  37.00 N   80.00 W -  0.00 N    0.00 E     96.06  307.42    4924.6   9119.7
  XMTR  2-30 +  0.0 dBi[default/isotrope     ] Az=  0.0 OFFaz= 96.1   0.100kW
  RCVR  2-30 +  0.0 dBi[                     ] Az=  0.0 OFFaz=307.4
  3 MHz NOISE = -145.0 dBW     REQ. REL = 90%    REQ. SNR = 47.0 dB
  MULTIPATH POWER TOLERANCE =  3.0 dB   MULTIPATH DELAY TOLERANCE =  0.100 ms

  21.0 27.3  2.0  4.1  6.3  8.4 10.5 13.9 17.2 20.5 23.9 27.2 30.5 FREQ
       F2F2  E E  EF2 F2F2 F2F2 F2F2 F2F2 F2F2 F2F2 F2F2 F2F2 F2F2 MODE  
        3.0  4.3  3.0 22.0 13.7  9.6 10.0 10.0 10.0  3.0  3.0  7.3 TANGLE
        3.0  4.3 12.0 10.0 10.0  9.6 12.0 12.0 14.0  3.0  3.0  3.0 RANGLE
       32.0 30.9 31.4 32.1 32.1 32.2 31.8 31.9 32.0 31.8 32.0 32.3 DELAY 
        351   84  196  309  323  308  277  287  314  310  350  418 V HITE
       0.50 1.00 1.00 1.00 1.00 1.00 1.00 0.98 0.91 0.75 0.50 0.10 MUFday
        164  308  230  179  166  164  156  155  155  158  164  186 LOSS  
         -8 -175  -90  -36  -20  -10   -6   -3   -1   -3   -8  -29 DBU   
       -144 -288 -210 -159 -146 -138 -136 -135 -135 -138 -144 -166 S DBW 
       -171 -124 -136 -143 -148 -152 -158 -163 -167 -169 -171 -173 N DBW 
         27 -164  -74  -16    2   14   21   28   32   32   28    7 SNR   
         46  224  133   74   56   46   39   38   42   42   46   67 RPWRG 
       0.03 0.00 0.00 0.00 0.00 0.00 0.00 0.00 0.01 0.03 0.03 0.02 REL   
       0.00 0.00 0.00 0.00 0.00 0.00 0.00 0.00 0.00 0.00 0.00 0.00 MPROB 
       0.08 0.00 0.00 0.00 0.00 0.00 0.02 0.06 0.10 0.10 0.08 0.02 S PRB 
       25.0  8.6  8.6  8.7  8.9 10.9 11.6 16.9 25.0 25.0 25.0 25.0 SIG LW
       12.5  5.3  5.3  5.3  5.3  5.4  5.4  5.9  7.6  9.0 12.4 25.0 SIG UP
       26.8 13.4 12.1 11.4 11.2 12.8 13.8 18.9 26.6 26.7 26.8 26.8 SNR LW
       13.7 10.8  9.6  8.8  8.1  7.6  7.0  7.2  9.0 10.6 13.7 25.7 SNR UP
        0.0  0.0  0.0  0.0  0.0  0.0  0.0  0.0  0.0  0.0  0.0  0.0 TGAIN 
        0.0  0.0  0.0  0.0  0.0  0.0  0.0  0.0  0.0  0.0  0.0  0.0 RGAIN 
          1 -177  -86  -27   -9    1    8    9    5    5    1  -20 SNRxx 

  22.0 26.0  2.0  4.0  6.0  8.0 11.0 14.0 17.0 20.1 23.1 26.1 29.1 FREQ
       F2F2  E E F2F2 F2F2 F2F2 F2F2 F2F2 F2F2 F2F2 F2F2 F2F2 F2F2 MODE  
        3.0  3.0 27.6 16.0  9.9  7.4 10.0 10.0 12.0  3.0  3.0  7.2 TANGLE
        3.0  3.0 10.0 10.0  9.9  7.4 10.0 12.0 12.0 16.0  3.0  3.0 RANGLE
       31.9 30.8 32.3 32.1 32.2 31.8 31.8 31.9 32.0 32.1 31.9 32.2 DELAY 
        341   87  328  326  315  259  272  286  314  346  343  394 V HITE
       0.50 1.00 1.00 1.00 1.00 1.00 0.99 0.97 0.89 0.72 0.48 0.10 MUFday
        163  257  184  168  165  156  153  153  153  157  163  185 LOSS  
         -7 -123  -45  -25  -12   -3   -3   -1    0   -2   -8  -29 DBU   
       -143 -237 -164 -148 -138 -131 -133 -133 -133 -137 -143 -165 S DBW 
       -171 -123 -134 -141 -147 -153 -158 -163 -167 -169 -171 -172 N DBW 
         28 -114  -30   -6    9   22   26   30   33   32   27    7 SNR   
         46  173   88   64   49   39   36   37   41   41   46   67 RPWRG 
       0.04 0.00 0.00 0.00 0.00 0.00 0.00 0.00 0.03 0.06 0.04 0.02 REL   
       0.00 0.00 0.00 0.00 0.00 0.00 0.00 0.00 0.00 0.00 0.00 0.00 MPROB 
       0.09 0.00 0.00 0.00 0.00 0.02 0.04 0.08 0.11 0.11 0.09 0.02 S PRB 
       25.0  8.6  8.6  8.7  9.6 11.5 12.5 18.6 25.0 25.0 25.0 25.0 SIG LW
       12.5  5.3  5.3  5.3  5.3  5.4  5.5  6.1  8.0 10.4 13.0 25.0 SIG UP
       26.8 11.9 11.0 10.6 11.3 13.4 14.7 20.5 26.6 26.7 26.8 26.8 SNR LW
       13.8  9.4  8.6  8.0  7.5  7.0  6.8  7.4  9.4 11.8 14.2 25.7 SNR UP
        0.0  0.0  0.0  0.0  0.0  0.0  0.0  0.0  0.0  0.0  0.0  0.0 TGAIN 
        0.0  0.0  0.0  0.0  0.0  0.0  0.0  0.0  0.0  0.0  0.0  0.0 RGAIN 
          1 -126  -41  -17   -2    8   11   10    6    6    1  -20 SNRxx 
     CCIR Coefficients         METHOD 30   VOACAP L 10.0404W  PAGE  12

  Mar    2013          SSN =  72.                Minimum Angle= 3.000 degrees
                                            AZIMUTHS          N. MI.      KM
  37.00 N   80.00 W -  0.00 N    0.00 E     96.06  307.42    4924.6   9119.7
  XMTR  2-30 +  0.0 dBi[default/isotrope     ] Az=  0.0 OFFaz= 96.1   0.100kW
  RCVR  2-30 +  0.0 dBi[                     ] Az=  0.0 OFFaz=307.4
  3 MHz NOISE = -145.0 dBW     REQ. REL = 90%    REQ. SNR = 47.0 dB
  MULTIPATH POWER TOLERANCE =  3.0 dB   MULTIPATH DELAY TOLERANCE =  0.100 ms

  23.0 23.6  2.0  4.7  7.2  9.8 12.3 14.9 17.4 20.0 22.5 25.1 27.6 FREQ
       F2F2  EF2 F2F2 F2F2 F2F2 F2F2 F2F2 F2F2 F2F2 F2F2 F2F2 F2F2 MODE  
        3.0  3.0 20.0  5.1  7.4 10.0 10.0  3.1  3.0  3.0  3.0  7.5 TANGLE
       14.0 26.0 10.0  5.1  7.4 10.0 10.0  3.1 12.0 14.0  3.0  3.0 RANGLE
       32.1 31.4 31.9 31.8 31.8 31.8 31.8 31.5 31.9 32.1 32.0 32.1 DELAY 
        354  179  276  330  260  266  274  273  299  334  357  374 V HITE
       0.50 1.00 1.00 1.00 1.00 0.99 0.98 0.92 0.79 0.60 0.32 0.10 MUFday
        161  237  169  161  154  151  151  154  154  159  169  185 LOSS  
         -6 -104  -29  -10   -2   -2   -1    0   -1   -4  -13  -29 DBU   
       -141 -217 -149 -134 -129 -131 -131 -132 -134 -139 -149 -165 S DBW 
       -170 -124 -137 -145 -151 -157 -161 -164 -167 -169 -170 -172 N DBW 
         28  -93  -12   11   22   26   30   33   33   30   22    7 SNR   
         45  152   70   47   38   35   36   39   41   43   52   67 RPWRG 
       0.08 0.00 0.00 0.00 0.00 0.00 0.00 0.03 0.05 0.08 0.06 0.02 REL   
       0.00 0.00 0.00 0.00 0.00 0.00 0.00 0.00 0.00 0.00 0.00 0.00 MPROB 
       0.09 0.00 0.00 0.00 0.01 0.04 0.07 0.09 0.11 0.10 0.06 0.02 S PRB 
       25.0  8.6  8.6  9.0 11.2 11.8 16.5 23.2 25.0 25.0 25.0 25.0 SIG LW
       16.3  5.1  5.1  5.1  5.2  5.3  5.8  8.5  9.7 14.2 19.5 25.0 SIG UP
       26.8 12.0 10.9 10.9 13.0 14.1 18.5 24.9 26.7 26.8 26.8 26.8 SNR LW
       17.3  9.6  8.4  7.6  7.1  6.7  7.2  9.7 11.1 15.3 20.4 25.7 SNR UP
        0.0  0.0  0.0  0.0  0.0  0.0  0.0  0.0  0.0  0.0  0.0  0.0 TGAIN 
        0.0  0.0  0.0  0.0  0.0  0.0  0.0  0.0  0.0  0.0  0.0  0.0 RGAIN 
          2 -105  -23    0    9   12   11    8    6    4   -5  -20 SNRxx 

  24.0 20.1  2.0  4.2  6.3  8.5 10.6 12.8 14.9 17.1 19.2 21.4 23.5 FREQ
       F2F2  EF2 F2F2 F2F2 F2F2 F2F2 F2F2 F2F2 F2F2 F2F2 F2F2 F2F2 MODE  
        3.0  5.0 10.4  3.4  3.0  3.0  3.2  3.6  3.0  3.0  3.0  8.0 TANGLE
        3.0 26.0 10.4  3.4  3.0  3.0  3.2  3.6 10.0 10.0  3.0  3.0 RANGLE
       31.8 31.4 32.3 31.5 31.5 31.5 31.5 31.6 31.8 31.9 31.9 32.0 DELAY 
        312  183  325  282  271  271  277  288  286  306  338  353 V HITE
       0.50 1.00 1.00 1.00 1.00 0.99 0.97 0.92 0.79 0.59 0.32 0.10 MUFday
        161  223  173  155  153  152  151  152  153  158  168  184 LOSS  
         -8  -90  -26   -8   -3    1    2    0   -1   -5  -14  -30 DBU   
       -141 -203 -145 -132 -128 -127 -128 -130 -133 -138 -148 -164 S DBW 
       -167 -124 -136 -143 -149 -154 -159 -162 -165 -167 -168 -170 N DBW 
         26  -79  -10   11   20   27   31   32   32   29   20    5 SNR   
         47  139   68   47   39   35   36   40   42   45   53   68 RPWRG 
       0.04 0.00 0.00 0.00 0.00 0.00 0.00 0.02 0.03 0.06 0.05 0.02 REL   
       0.00 0.00 0.00 0.00 0.00 0.00 0.00 0.00 0.00 0.00 0.00 0.00 MPROB 
       0.08 0.00 0.00 0.00 0.01 0.04 0.07 0.09 0.11 0.09 0.06 0.02 S PRB 
       25.0  9.1  9.2  9.4 10.5 13.5 18.0 23.4 25.0 25.0 25.0 25.0 SIG LW
       14.1  5.0  5.0  5.0  5.1  5.3  6.3  8.3  9.5 13.6 19.5 25.0 SIG UP
       26.8 12.5 11.6 11.4 12.4 15.4 19.8 25.0 26.7 26.7 26.8 26.8 SNR LW
       15.2  9.7  8.7  7.9  7.3  6.9  7.5  9.5 10.7 14.7 20.3 25.7 SNR UP
        0.0  0.0  0.0  0.0  0.0  0.0  0.0  0.0  0.0  0.0  0.0  0.0 TGAIN 
        0.0  0.0  0.0  0.0  0.0  0.0  0.0  0.0  0.0  0.0  0.0  0.0 RGAIN 
          0  -92  -21    0    8   12   11    7    5    2   -6  -21 SNRxx 
 *****END OF RUN*****     VOACAP 10.0404W
